2025-09-23 09:32:17,218 | INFO | Epoch: 1 / 25 | Loss: 0.1768 | Accuracy: 0.9461 | Precision: 0.9464 | Recall: 0.9461 | F1: 0.9463
2025-09-23 09:32:18,369 | INFO | Test Loss: 0.0145 | Test Accuracy: 0.9719 | Test Precision: 0.9719 | Test Recall: 0.9719 | Test F1: 0.9718
2025-09-23 09:32:27,719 | INFO | Epoch: 2 / 25 | Loss: 0.0963 | Accuracy: 0.9709 | Precision: 0.9709 | Recall: 0.9709 | F1: 0.9709
2025-09-23 09:32:28,888 | INFO | Test Loss: 0.0106 | Test Accuracy: 0.9791 | Test Precision: 0.9796 | Test Recall: 0.9791 | Test F1: 0.9793
2025-09-23 09:32:39,618 | INFO | Epoch: 3 / 25 | Loss: 0.0874 | Accuracy: 0.9731 | Precision: 0.9731 | Recall: 0.9731 | F1: 0.9731
2025-09-23 09:32:40,806 | INFO | Test Loss: 0.0130 | Test Accuracy: 0.9752 | Test Precision: 0.9752 | Test Recall: 0.9752 | Test F1: 0.9751
2025-09-23 09:32:51,195 | INFO | Epoch: 4 / 25 | Loss: 0.0884 | Accuracy: 0.9719 | Precision: 0.9719 | Recall: 0.9719 | F1: 0.9719
2025-09-23 09:32:52,402 | INFO | Test Loss: 0.0139 | Test Accuracy: 0.9757 | Test Precision: 0.9758 | Test Recall: 0.9757 | Test F1: 0.9756
2025-09-23 09:33:02,781 | INFO | Epoch: 5 / 25 | Loss: 0.0892 | Accuracy: 0.9716 | Precision: 0.9716 | Recall: 0.9716 | F1: 0.9716
2025-09-23 09:33:04,094 | INFO | Test Loss: 0.0120 | Test Accuracy: 0.9771 | Test Precision: 0.9775 | Test Recall: 0.9771 | Test F1: 0.9772
2025-09-23 09:33:14,562 | INFO | Epoch: 6 / 25 | Loss: 0.0811 | Accuracy: 0.9738 | Precision: 0.9738 | Recall: 0.9738 | F1: 0.9738
2025-09-23 09:33:16,026 | INFO | Test Loss: 0.0175 | Test Accuracy: 0.9696 | Test Precision: 0.9703 | Test Recall: 0.9696 | Test F1: 0.9694
2025-09-23 09:33:25,710 | INFO | Epoch: 7 / 25 | Loss: 0.0807 | Accuracy: 0.9746 | Precision: 0.9747 | Recall: 0.9746 | F1: 0.9746
2025-09-23 09:33:26,870 | INFO | Test Loss: 0.0134 | Test Accuracy: 0.9764 | Test Precision: 0.9769 | Test Recall: 0.9764 | Test F1: 0.9766
2025-09-23 09:33:36,361 | INFO | Epoch: 8 / 25 | Loss: 0.0823 | Accuracy: 0.9737 | Precision: 0.9738 | Recall: 0.9737 | F1: 0.9737
2025-09-23 09:33:38,062 | INFO | Test Loss: 0.0140 | Test Accuracy: 0.9743 | Test Precision: 0.9744 | Test Recall: 0.9743 | Test F1: 0.9743
2025-09-23 09:33:49,990 | INFO | Epoch: 9 / 25 | Loss: 0.0804 | Accuracy: 0.9744 | Precision: 0.9745 | Recall: 0.9744 | F1: 0.9745
2025-09-23 09:33:51,684 | INFO | Test Loss: 0.0127 | Test Accuracy: 0.9752 | Test Precision: 0.9751 | Test Recall: 0.9752 | Test F1: 0.9750
2025-09-23 09:34:03,434 | INFO | Epoch: 10 / 25 | Loss: 0.0829 | Accuracy: 0.9728 | Precision: 0.9729 | Recall: 0.9728 | F1: 0.9728
2025-09-23 09:34:05,128 | INFO | Test Loss: 0.0114 | Test Accuracy: 0.9791 | Test Precision: 0.9792 | Test Recall: 0.9791 | Test F1: 0.9791
2025-09-23 09:34:16,368 | INFO | Epoch: 11 / 25 | Loss: 0.0846 | Accuracy: 0.9735 | Precision: 0.9735 | Recall: 0.9735 | F1: 0.9735
2025-09-23 09:34:18,148 | INFO | Test Loss: 0.0122 | Test Accuracy: 0.9778 | Test Precision: 0.9783 | Test Recall: 0.9778 | Test F1: 0.9780
2025-09-23 09:34:29,126 | INFO | Epoch: 12 / 25 | Loss: 0.0790 | Accuracy: 0.9751 | Precision: 0.9751 | Recall: 0.9751 | F1: 0.9751
2025-09-23 09:34:30,730 | INFO | Test Loss: 0.0124 | Test Accuracy: 0.9784 | Test Precision: 0.9784 | Test Recall: 0.9784 | Test F1: 0.9783
2025-09-23 09:34:41,550 | INFO | Epoch: 13 / 25 | Loss: 0.0775 | Accuracy: 0.9753 | Precision: 0.9753 | Recall: 0.9753 | F1: 0.9753
2025-09-23 09:34:42,975 | INFO | Test Loss: 0.0140 | Test Accuracy: 0.9787 | Test Precision: 0.9788 | Test Recall: 0.9787 | Test F1: 0.9787
2025-09-23 09:34:54,008 | INFO | Epoch: 14 / 25 | Loss: 0.0828 | Accuracy: 0.9744 | Precision: 0.9745 | Recall: 0.9744 | F1: 0.9744
2025-09-23 09:34:55,222 | INFO | Test Loss: 0.0219 | Test Accuracy: 0.9595 | Test Precision: 0.9615 | Test Recall: 0.9595 | Test F1: 0.9598
2025-09-23 09:35:06,080 | INFO | Epoch: 15 / 25 | Loss: 0.0840 | Accuracy: 0.9740 | Precision: 0.9740 | Recall: 0.9740 | F1: 0.9740
2025-09-23 09:35:07,592 | INFO | Test Loss: 0.0143 | Test Accuracy: 0.9740 | Test Precision: 0.9741 | Test Recall: 0.9740 | Test F1: 0.9739
2025-09-23 09:35:18,189 | INFO | Epoch: 16 / 25 | Loss: 0.0807 | Accuracy: 0.9749 | Precision: 0.9749 | Recall: 0.9749 | F1: 0.9749
2025-09-23 09:35:19,959 | INFO | Test Loss: 0.0149 | Test Accuracy: 0.9733 | Test Precision: 0.9740 | Test Recall: 0.9733 | Test F1: 0.9735
2025-09-23 09:35:30,521 | INFO | Epoch: 17 / 25 | Loss: 0.0811 | Accuracy: 0.9741 | Precision: 0.9741 | Recall: 0.9741 | F1: 0.9741
2025-09-23 09:35:32,300 | INFO | Test Loss: 0.0160 | Test Accuracy: 0.9697 | Test Precision: 0.9704 | Test Recall: 0.9697 | Test F1: 0.9699
2025-09-23 09:35:42,738 | INFO | Epoch: 18 / 25 | Loss: 0.0825 | Accuracy: 0.9744 | Precision: 0.9745 | Recall: 0.9744 | F1: 0.9744
2025-09-23 09:35:44,006 | INFO | Test Loss: 0.0134 | Test Accuracy: 0.9763 | Test Precision: 0.9765 | Test Recall: 0.9763 | Test F1: 0.9763
2025-09-23 09:35:54,850 | INFO | Epoch: 19 / 25 | Loss: 0.0783 | Accuracy: 0.9755 | Precision: 0.9755 | Recall: 0.9755 | F1: 0.9755
2025-09-23 09:35:56,098 | INFO | Test Loss: 0.0137 | Test Accuracy: 0.9745 | Test Precision: 0.9744 | Test Recall: 0.9745 | Test F1: 0.9743
2025-09-23 09:36:06,513 | INFO | Epoch: 20 / 25 | Loss: 0.0831 | Accuracy: 0.9740 | Precision: 0.9740 | Recall: 0.9740 | F1: 0.9740
2025-09-23 09:36:07,760 | INFO | Test Loss: 0.0137 | Test Accuracy: 0.9756 | Test Precision: 0.9758 | Test Recall: 0.9756 | Test F1: 0.9756
2025-09-23 09:36:18,193 | INFO | Epoch: 21 / 25 | Loss: 0.0792 | Accuracy: 0.9754 | Precision: 0.9755 | Recall: 0.9754 | F1: 0.9755
2025-09-23 09:36:19,910 | INFO | Test Loss: 0.0139 | Test Accuracy: 0.9734 | Test Precision: 0.9733 | Test Recall: 0.9734 | Test F1: 0.9733
2025-09-23 09:36:30,496 | INFO | Epoch: 22 / 25 | Loss: 0.0840 | Accuracy: 0.9734 | Precision: 0.9735 | Recall: 0.9734 | F1: 0.9734
2025-09-23 09:36:32,299 | INFO | Test Loss: 0.0122 | Test Accuracy: 0.9763 | Test Precision: 0.9763 | Test Recall: 0.9763 | Test F1: 0.9763
2025-09-23 09:36:42,859 | INFO | Epoch: 23 / 25 | Loss: 0.0823 | Accuracy: 0.9744 | Precision: 0.9744 | Recall: 0.9744 | F1: 0.9744
2025-09-23 09:36:44,412 | INFO | Test Loss: 0.0117 | Test Accuracy: 0.9788 | Test Precision: 0.9790 | Test Recall: 0.9788 | Test F1: 0.9789
2025-09-23 09:36:54,599 | INFO | Epoch: 24 / 25 | Loss: 0.0815 | Accuracy: 0.9746 | Precision: 0.9746 | Recall: 0.9746 | F1: 0.9746
2025-09-23 09:36:55,776 | INFO | Test Loss: 0.0124 | Test Accuracy: 0.9774 | Test Precision: 0.9779 | Test Recall: 0.9774 | Test F1: 0.9776
2025-09-23 09:37:06,030 | INFO | Epoch: 25 / 25 | Loss: 0.0810 | Accuracy: 0.9746 | Precision: 0.9746 | Recall: 0.9746 | F1: 0.9746
2025-09-23 09:37:07,235 | INFO | Test Loss: 0.0109 | Test Accuracy: 0.9791 | Test Precision: 0.9790 | Test Recall: 0.9791 | Test F1: 0.9790
2025-09-23 09:37:07,236 | INFO | Final results for test data:

2025-09-23 09:37:08,556 | INFO | Test Loss: 0.0109 | Test Accuracy: 0.9791 | Test Precision: 0.9790 | Test Recall: 0.9791 | Test F1: 0.9790
2025-09-23 09:37:18,856 | INFO | Confusion matrix:
tensor([[ 966,    0,    0,    0,    2,    0,    7,    2,    3,    0],
        [   0, 1125,    3,    1,    4,    0,    1,    0,    1,    0],
        [   2,    4, 1008,    3,    6,    0,    2,    4,    3,    0],
        [   1,    0,    2,  990,    0,   11,    0,    1,    5,    0],
        [   1,    1,    2,    0,  961,    0,    4,    1,    2,   10],
        [   1,    0,    1,    4,    1,  881,    3,    0,    0,    1],
        [   4,    4,    1,    0,    2,    9,  935,    0,    3,    0],
        [   0,    5,   15,    5,    3,    1,    0,  989,    1,    9],
        [   0,    1,    2,    2,    2,    3,    1,    1,  955,    7],
        [   0,    2,    0,    1,   12,    5,    0,    4,    4,  981]],
       device='cuda:0')
